<?xml version="1.0" encoding="UTF-8"?>
<!-- Generated by org.testng.reporters.JUnitReportReporter -->
<testsuite hostname="DESKTOP-5EVK54D" failures="0" tests="4" name="runner.ScenarioOutlineRunner" time="0.556" errors="3" timestamp="2025-04-09T20:16:20 IST" skipped="0">
  <testcase classname="runner.ScenarioOutlineRunner" name="runScenario" time="0.353">
    <error message="exception arrived hence failing...." type="java.lang.RuntimeException">
      <![CDATA[java.lang.RuntimeException: exception arrived hence failing....
at steps.ScenarioOutlineSteps.user_select_gender_as(ScenarioOutlineSteps.java:38)
at ✽.user select gender as "Male"(file:///F:/Desktop/VimanNagar/May%2021/ATT29MarchBDDCucumberBasics/src/test/resources/appfeature/ScenarioOutline.feature:9)
]]>
    </error>
  </testcase> <!-- runScenario -->
  <system-out/>
  <testcase classname="runner.ScenarioOutlineRunner" name="runScenario" time="0.066">
    <error message="exception arrived hence failing...." type="java.lang.RuntimeException">
      <![CDATA[java.lang.RuntimeException: exception arrived hence failing....
at steps.ScenarioOutlineSteps.user_select_gender_as(ScenarioOutlineSteps.java:38)
at ✽.user select gender as "Male"(file:///F:/Desktop/VimanNagar/May%2021/ATT29MarchBDDCucumberBasics/src/test/resources/appfeature/ScenarioOutline.feature:9)
]]>
    </error>
  </testcase> <!-- runScenario -->
  <system-out/>
  <testcase classname="runner.ScenarioOutlineRunner" name="runScenario" time="0.067"/>
  <system-out/>
  <testcase classname="runner.ScenarioOutlineRunner" name="runScenario" time="0.070">
    <error message="exception arrived hence failing...." type="java.lang.RuntimeException">
      <![CDATA[java.lang.RuntimeException: exception arrived hence failing....
at steps.ScenarioOutlineSteps.user_select_gender_as(ScenarioOutlineSteps.java:38)
at ✽.user select gender as "Male"(file:///F:/Desktop/VimanNagar/May%2021/ATT29MarchBDDCucumberBasics/src/test/resources/appfeature/ScenarioOutline.feature:9)
]]>
    </error>
  </testcase> <!-- runScenario -->
  <system-out/>
</testsuite> <!-- runner.ScenarioOutlineRunner -->
