<?xml version="1.0" encoding="UTF-8"?>
<!-- Generated by org.testng.reporters.JUnitReportReporter -->
<testsuite hostname="DESKTOP-5EVK54D" failures="0" tests="3" name="runner.CampaignsRunner" time="0.907" errors="0" timestamp="2025-04-15T20:57:35 IST" skipped="0">
  <testcase classname="runner.CampaignsRunner" name="runScenario" time="0.075"/>
  <system-out/>
  <testcase classname="runner.CampaignsRunner" name="runScenario" time="0.743"/>
  <system-out/>
  <testcase classname="runner.CampaignsRunner" name="runScenario" time="0.089"/>
  <system-out/>
</testsuite> <!-- runner.CampaignsRunner -->
