<?xml version="1.0" encoding="UTF-8"?>
<!-- Generated by org.testng.reporters.JUnitReportReporter -->
<testsuite hostname="DESKTOP-5EVK54D" failures="0" tests="1" name="runner.RegistrationRunner" time="0.398" errors="0" timestamp="2025-04-10T20:33:14 IST" skipped="0">
  <testcase classname="runner.RegistrationRunner" name="runScenario" time="0.398"/>
  <system-out/>
</testsuite> <!-- runner.RegistrationRunner -->
