<?xml version="1.0" encoding="UTF-8"?>
<!-- Generated by org.testng.reporters.JUnitReportReporter -->
<testsuite hostname="DESKTOP-5EVK54D" failures="0" tests="1" name="runner.OrderConfirmationRunner" time="0.478" errors="0" timestamp="2025-04-16T20:51:23 IST" skipped="0">
  <testcase classname="runner.OrderConfirmationRunner" name="runScenario" time="0.478"/>
  <system-out/>
</testsuite> <!-- runner.OrderConfirmationRunner -->
