<?xml version="1.0" encoding="UTF-8"?>
<!-- Generated by org.testng.reporters.JUnitReportReporter -->
<testsuite hostname="DESKTOP-5EVK54D" failures="0" tests="1" name="steps.A" time="0.048" errors="0" timestamp="2025-04-10T20:44:22 IST" skipped="0">
  <testcase classname="steps.A" name="m1" time="0.048"/>
  <system-out/>
</testsuite> <!-- steps.A -->
