<?xml version="1.0" encoding="UTF-8"?>
<!-- Generated by org.testng.reporters.JUnitReportReporter -->
<testsuite hostname="DESKTOP-5EVK54D" failures="0" tests="3" name="runner.OrdersRunner" time="0.665" errors="0" timestamp="2025-04-14T20:13:01 IST" skipped="0">
  <testcase classname="runner.OrdersRunner" name="runScenario" time="0.122"/>
  <system-out/>
  <testcase classname="runner.OrdersRunner" name="runScenario" time="0.421"/>
  <system-out/>
  <testcase classname="runner.OrdersRunner" name="runScenario" time="0.122"/>
  <system-out/>
</testsuite> <!-- runner.OrdersRunner -->
