<?xml version="1.0" encoding="UTF-8"?>
<!-- Generated by org.testng.reporters.JUnitReportReporter -->
<testsuite hostname="DESKTOP-5EVK54D" failures="0" tests="3" name="runner.ProfileRunner" time="0.433" errors="0" timestamp="2025-04-14T20:17:41 IST" skipped="0">
  <testcase classname="runner.ProfileRunner" name="runScenario" time="0.070"/>
  <system-out/>
  <testcase classname="runner.ProfileRunner" name="runScenario" time="0.047"/>
  <system-out/>
  <testcase classname="runner.ProfileRunner" name="runScenario" time="0.316"/>
  <system-out/>
</testsuite> <!-- runner.ProfileRunner -->
