<?xml version="1.0" encoding="UTF-8"?>
<!-- Generated by org.testng.reporters.JUnitReportReporter -->
<testsuite hostname="DESKTOP-5EVK54D" failures="0" tests="2" name="runner.LoginRunner" time="0.699" errors="0" timestamp="2025-04-18T20:24:05 IST" skipped="0">
  <testcase classname="runner.LoginRunner" name="runScenario" time="0.144"/>
  <system-out/>
  <testcase classname="runner.LoginRunner" name="runScenario" time="0.555"/>
  <system-out/>
</testsuite> <!-- runner.LoginRunner -->
